C51 COMPILER V9.60.0.0   LED_PILIX3                                                        12/07/2021 11:29:09 PAGE 1   


C51 COMPILER V9.60.0.0, COMPILATION OF MODULE LED_PILIX3
OBJECT MODULE PLACED IN LED_pilix3.OBJ
COMPILER INVOKED BY: C:\Keil_v5\C51\BIN\C51.EXE LED_pilix3.c OPTIMIZE(8,SPEED) BROWSE DEBUG OBJECTEXTEND TABS(2)

line level    source

   1          /*
   2          *  File: LED_pilix3.c
   3          *  功能: 運行三回霹靂灯
   4          */
   5          
   6          #include "io51.h"
   7          void delay(int x);
   8          int j= 0xfe;
   9          int i,a;
  10          int m;
  11          int x,y;
  12          char code led_ping[]={
  13            0xFE,0xFD,0xFB,0xF7,0xEF,0xDF,0xBF,0x7F 
  14          };
  15          char code led_pingt[]={
  16            0xBF,0xDF,0xEF,0xF7,0xFB,0xFD,0xFE 
  17          };
  18          /*主程式*/
  19          void main(){
  20   1        /*亮3回*/
  21   1        while(1){
  22   2            for(i = 0;i < 8;i++){
  23   3            for(a = 0;a < 3;a++){
  24   4              P1 = led_ping[i];
  25   4              delay(10000);
  26   4              P1 = 0xFF;
  27   4              delay(10000);
  28   4            }
  29   3          } 
  30   2          for(x = 0;x < 7;x++){
  31   3            for(y = 0;y < 3;y++){
  32   4              P1 = led_pingt[x];
  33   4              delay(10000);
  34   4              P1 = 0xFF;
  35   4              delay(10000);
  36   4            }
  37   3          } 
  38   2          /*亮法:LED 0~7*/
  39   2           /* for(i=0;i<8;i++){
  40   2              for(int a=0;a<3;a++){
  41   2              P1= j;
  42   2                delay(10000);
  43   2                j<<= 1; // j => 左旋1位元
  44   2                j= j+1;  
  45   2              
  46   2              }
  47   2            }
  48   2           /*亮法:LED 7~0*/
  49   2           /*for(x_m=8;x_m>0;x_m--){
  50   2            P1= j;
  51   2            delay(10000);
  52   2            j>>=1; // j => 右旋1位元
  53   2            j= j|0x80;
  54   2           }
  55   2          j=0xfe;*/
C51 COMPILER V9.60.0.0   LED_PILIX3                                                        12/07/2021 11:29:09 PAGE 2   

  56   2        }
  57   1        
  58   1      }
  59          
  60          /*delay time*/
  61          void delay(int x){
  62   1        for(m=0;m<x;m++);
  63   1      }


MODULE INFORMATION:   STATIC OVERLAYABLE
   CODE SIZE        =    179    ----
   CONSTANT SIZE    =     15    ----
   XDATA SIZE       =   ----    ----
   PDATA SIZE       =   ----    ----
   DATA SIZE        =     12    ----
   IDATA SIZE       =   ----    ----
   BIT SIZE         =   ----    ----
END OF MODULE INFORMATION.


C51 COMPILATION COMPLETE.  0 WARNING(S),  0 ERROR(S)
