C51 COMPILER V9.60.0.0   DOT8X8                                                            01/08/2022 17:56:37 PAGE 1   


C51 COMPILER V9.60.0.0, COMPILATION OF MODULE DOT8X8
OBJECT MODULE PLACED IN dot8x8.OBJ
COMPILER INVOKED BY: C:\Keil_v5\C51\BIN\C51.EXE dot8x8.c OPTIMIZE(8,SPEED) BROWSE DEBUG OBJECTEXTEND TABS(2)

line level    source

   1          /*
   2          * File: dot8x8.c
   3          * 功能: 令 8X8 單色點矩陣週而復始的依序顯示 0～9
   4          */
   5          
   6          #include "io51.h"
   7          /*8*8點距陣(0~9)顯示碼*/
   8          char code dot8x8[80]={
   9              0xFF,0x81,0x5E,0x6E,0x76,0x7A,0x81,0xFF, //0
  10              0xFF,0x7F,0x7F,0x7D,0x00,0x7F,0x7F,0xFF, //1
  11              0xFF,0x1D,0x6E,0x6E,0x6E,0x6E,0x71,0xFF, //2
  12              0xFF,0xBD,0x7E,0x76,0x76,0x76,0x89,0xFF, //3
  13              0xFF,0xE3,0xED,0xEE,0xEF,0x00,0xEF,0xFF, //4
  14              0xFF,0xB0,0x76,0x76,0x76,0x76,0x8E,0xFF, //5
  15              0xFF,0x81,0x76,0x76,0x76,0x76,0x8D,0xFF, //6
  16              0xFF,0xFC,0xFE,0xFE,0x06,0xFA,0xFC,0xFF, //7
  17              0xFF,0x89,0x76,0x76,0x76,0x76,0x89,0xFF, //8
  18              0xFF,0xB1,0x6E,0x6E,0x6E,0x6E,0x81,0xFF  //9
  19          };
  20          char buf[8]; //緩衝器
  21          void delay(int x);
  22          void shift_left();
  23          
  24          /*主程式*/
  25          void main(){
  26   1         int i,j,k;
  27   1      
  28   1         /*清除存放左移資料的buf[8]*/
  29   1         for(i=0;i<8;i++) buf[i]=0xFF; 
  30   1      
  31   1         while(1){
  32   2             for(i=0;i<8*10;i++){
  33   3                 /*把左移資料分別存在buf[]中*/
  34   3                 for(j=0;j<7;j++) buf[j]= buf[j+1];
  35   3                 
  36   3                 /*把亮法加入至左移資料*/ 
  37   3                 buf[j]= dot8x8[i];
  38   3                 
  39   3                 /*重復掃描各字型50回(增加亮度)*/
  40   3                 for(k=0;k<50;k++){
  41   4                     shift_left(); //字型左移
  42   4                 }
  43   3             }
  44   2         }
  45   1      }
  46          
  47          /*call 左移的副程式*/
  48          void shift_left(){
  49   1          int i;
  50   1          int enable_signal=0x01;//致能=0x01
  51   1      
  52   1          /*各字型由8筆資料組成=掃8回*/
  53   1          for(i=0;i<8;i++){
  54   2          /*把左移資料分別存在buf[]中*/
  55   2              P1=buf[i];
C51 COMPILER V9.60.0.0   DOT8X8                                                            01/08/2022 17:56:37 PAGE 2   

  56   2              P2=enable_signal;
  57   2              delay(50); //delay 50ms=0.05sec
  58   2              enable_signal<<=1; //左移1個位元
  59   2          }
  60   1      }
  61          
  62          /*delay time*/
  63          void delay(int x){
  64   1          int m;
  65   1          for(m=0;m<x;m++);
  66   1      }


MODULE INFORMATION:   STATIC OVERLAYABLE
   CODE SIZE        =    210    ----
   CONSTANT SIZE    =     80    ----
   XDATA SIZE       =   ----    ----
   PDATA SIZE       =   ----    ----
   DATA SIZE        =      8       8
   IDATA SIZE       =   ----    ----
   BIT SIZE         =   ----    ----
END OF MODULE INFORMATION.


C51 COMPILATION COMPLETE.  0 WARNING(S),  0 ERROR(S)
