C51 COMPILER V9.60.0.0   7SEG_NUM                                                          11/29/2021 20:12:05 PAGE 1   


C51 COMPILER V9.60.0.0, COMPILATION OF MODULE 7SEG_NUM
OBJECT MODULE PLACED IN 7seg_num.OBJ
COMPILER INVOKED BY: C:\Keil_v5\C51\BIN\C51.EXE 7seg_num.c OPTIMIZE(8,SPEED) BROWSE DEBUG OBJECTEXTEND TABS(2)

line level    source

   1          /*
   2           * File: 7seg_num.c
   3           * 功能: 用7段顯示器輸出組員學號
   4          */
   5          
   6          #include "io51.h"
   7          void delay(int s);
   8          /*7段顯示器顯示碼*/
   9          char seg7[]={
  10             0x3F,0x06,0x5B,0x4F,0x66,0x6D,0x7D, //0~7
  11             0x7F,0x6F,0x77,0x39,0x5E,0x79,0x71  //8~F
  12          };
  13          
  14          /*學號*/
  15          char num8_02[]={
  16            5,0,6,3,1,1,0,2 
  17          };
  18          char num8_16[]={
  19            5,0,6,3,1,1,1,6
  20          };
  21          
  22          /*
  23             ex: 50631102
  24             5(0x6D) => seg7[5]
  25             0(0x3F) => seg7[0]
  26             6(0x7D) => seg7[6]
  27             3(0x4F) => seg7[3]
  28             1(0x06) => seg7[1]
  29             2(0x5B) => seg7[2]
  30             
  31             ex: 50631116
  32             5(0x6D) => seg7[5]
  33             0(0x3F) => seg7[0]
  34             6(0x7D) => seg7[6]
  35             3(0x4F) => seg7[3]
  36             1(0x06) => seg7[1]
  37          */
  38          
  39          void main(){
  40   1         char i_02,j_02;
  41   1         char i_16,j_16;
  42   1         P2=0x0F; //啟用所有的7段顯示器(X4)
  43   1         /*重復運行*/
  44   1         while(1){
  45   2           /*從P1輸出7seg顯示碼*/
  46   2           for(i_02=0;i_02<8;i_02++){
  47   3              for(j_02=0;j_02<8;j_02++){
  48   4            int x=num8_02[j_02];
  49   4            P1=seg7[x];
  50   4            delay(2000);
  51   4            }
  52   3          }
  53   2          
  54   2          for(i_16=0;i_16<8;i_16++){
  55   3            for(j_16=0;j_16<8;j_16++){
C51 COMPILER V9.60.0.0   7SEG_NUM                                                          11/29/2021 20:12:05 PAGE 2   

  56   4              int y=num8_16[j_16];
  57   4                      P1=seg7[y];
  58   4                      delay(2000);        
  59   4            }
  60   3          }
  61   2          
  62   2           }
  63   1         }
  64          
  65          
  66          /*功能:delay*/
  67          void delay(int s){
  68   1        int m;
  69   1        for(m=0;m<s;m++);
  70   1      }


MODULE INFORMATION:   STATIC OVERLAYABLE
   CODE SIZE        =    159    ----
   CONSTANT SIZE    =   ----    ----
   XDATA SIZE       =   ----    ----
   PDATA SIZE       =   ----    ----
   DATA SIZE        =     30       6
   IDATA SIZE       =   ----    ----
   BIT SIZE         =   ----    ----
END OF MODULE INFORMATION.


C51 COMPILATION COMPLETE.  0 WARNING(S),  0 ERROR(S)
