C51 COMPILER V9.60.0.0   DOT8X8_PILIX                                                      01/08/2022 17:48:38 PAGE 1   


C51 COMPILER V9.60.0.0, COMPILATION OF MODULE DOT8X8_PILIX
OBJECT MODULE PLACED IN .\Objects\dot8x8_pilix.obj
COMPILER INVOKED BY: C:\Keil_v5\C51\BIN\C51.EXE dot8x8_pilix.c OPTIMIZE(8,SPEED) BROWSE DEBUG OBJECTEXTEND PRINT(.\Listi
                    -ngs\dot8x8_pilix.lst) TABS(2) OBJECT(.\Objects\dot8x8_pilix.obj)

line level    source

   1          /*
   2          * File: dot8x8_pilix.c
   3          * 功能: 令點矩陣某一行做霹靂燈的動作
   4          */
   5          
   6          #include "io51.h"
   7          /*霹靂燈顯示碼*/
   8          char code dot8x8_loop[]={ 0xFE,0xFF,0xFF,0xFF,0xFF,0xFF,0xFF,0xFF };
   9          char buf[8]; //緩衝器
  10          void delay(int x);
  11          void shift_left();
  12          void shift_right();
  13          
  14          /*主程式*/
  15          void main(){
  16   1         int i,j,k;
  17   1      
  18   1         /*清除buf[8]的資料*/
  19   1         for(i=0;i<8;i++) buf[i]=0xFF; 
  20   1      
  21   1         while(1){
  22   2           /*左移*/
  23   2           for(i=0;i<8;i++){
  24   3                 /*把左移資料分別存在buf[]中*/
  25   3                 for(j=0;j<7;j++) buf[j]= buf[j+1];
  26   3                 
  27   3                 /*把亮法加入至左移資料*/
  28   3                 buf[j]= dot8x8_loop[i];
  29   3                 
  30   3                 /*重復掃描各字型50回(增加亮度)*/
  31   3                 for(k=0;k<50;k++) shift_left(); //字型左移
  32   3           }
  33   2           
  34   2           /*清除buf[8]的資料*/
  35   2           for(i=0;i<8;i++) buf[i]=0xFF;
  36   2           
  37   2           /*右移*/
  38   2           for(i=0;i<8;i++){
  39   3                 /*把左移資料分別存在buf[]中*/
  40   3                 for(j=0;j<7;j++) buf[j]= buf[j+1];
  41   3             
  42   3                 /*把亮法加入至右移資料*/
  43   3                 buf[j]= dot8x8_loop[i];
  44   3                 
  45   3                 /*重復掃描各字型50回(增加亮度)*/
  46   3                 for(k=0;k<50;k++) shift_right(); //字型右移
  47   3             }
  48   2         }
  49   1      }
  50          
  51          /*call 左移的副程式*/
  52          void shift_left(){
  53   1          int i;
  54   1          int enable_signal=0x01;//致能=0x01
C51 COMPILER V9.60.0.0   DOT8X8_PILIX                                                      01/08/2022 17:48:38 PAGE 2   

  55   1      
  56   1          /*各字型由8筆資料組成=掃8回*/
  57   1          for(i=0;i<8;i++){
  58   2          /*把左移資料分別存在buf[]中*/
  59   2              P1=buf[i];
  60   2              P2=enable_signal;
  61   2              delay(50); //delay 50ms=0.05sec
  62   2              enable_signal<<=1; //左移1個位元
  63   2          }
  64   1      }
  65          
  66          /*call 右移的副程式*/
  67          void shift_right(){
  68   1          int i;
  69   1          int enable_signal=0x80;//致能=0x80
  70   1      
  71   1          /*各字型由8筆資料組成=掃8回*/
  72   1          for(i=0;i<8;i++){
  73   2          /*把右移資料分別存在buf[]中*/
  74   2              P1=buf[i];
  75   2              P2=enable_signal;
  76   2              delay(50); //delay 50ms=0.05sec
  77   2              enable_signal>>=1; //右移1個位元
  78   2          }
  79   1      }
  80          
  81          /*delay time*/
  82          void delay(int x){
  83   1          int m;
  84   1          for(m=0;m<x;m++);
  85   1      }


MODULE INFORMATION:   STATIC OVERLAYABLE
   CODE SIZE        =    416    ----
   CONSTANT SIZE    =      8    ----
   XDATA SIZE       =   ----    ----
   PDATA SIZE       =   ----    ----
   DATA SIZE        =      8      14
   IDATA SIZE       =   ----    ----
   BIT SIZE         =   ----    ----
END OF MODULE INFORMATION.


C51 COMPILATION COMPLETE.  0 WARNING(S),  0 ERROR(S)
