C51 COMPILER V9.60.0.0   7SEG_ALL                                                          11/29/2021 20:11:01 PAGE 1   


C51 COMPILER V9.60.0.0, COMPILATION OF MODULE 7SEG_ALL
OBJECT MODULE PLACED IN .\Objects\7seg_ALL.obj
COMPILER INVOKED BY: C:\Keil_v5\C51\BIN\C51.EXE 7seg_ALL.c OPTIMIZE(8,SPEED) BROWSE DEBUG OBJECTEXTEND PRINT(.\Listings\
                    -7seg_ALL.lst) TABS(2) OBJECT(.\Objects\7seg_ALL.obj)

line level    source

   1          /*
   2          * File: 7seg_ALL.c
   3          * 功能: 題目整合
   4          */
   5          
   6          #include "io51.h"
   7          void delay(int s);
   8          void seg7_1(int seg_time);
   9          void seg7_num(int num_time);
  10          void seg7_run(int run_time);
  11          void seg7_switch(int LED,int COM);
  12          int m;
  13          int run=3;
  14          
  15          /*7段顯示器顯示碼*/
  16          char seg7_nums[]={
  17             0x3F,0x06,0x5B,0x4F,0x66,0x6D,0x7D, //0~7
  18             0x7F,0x6F,0x77,0x39,0x5E,0x79,0x71  //8~F
  19          };
  20          char seg7_LED[]={
  21              0x00, //0:not define
  22              0x01, //1:a
  23              0x02, //2:b
  24              0x04, //3:c
  25              0x08, //4:d
  26              0x10, //5:e
  27              0x20, //6:f
  28              0x40, //7:g
  29              0x80  //8:dot
  30          };
  31          char seg7_COM[]={
  32              0x00, //0:not define
  33              0x01, //1:com1
  34              0x02, //2:com2
  35              0x04, //3:com3
  36              0x08, //4:com4
  37              0x0f  //5:com1~4(FULL)
  38          };
  39          
  40          void main(){
  41   1         while(1){
  42   2           seg7_1(run);
  43   2           delay(2000);
  44   2           seg7_run(run);
  45   2           delay(2000);
  46   2           seg7_num(run);
  47   2           delay(2000);
  48   2         }
  49   1      }
  50          
  51          void seg7_1(int seg_time){
  52   1         char i;
  53   1         int seg_x;
  54   1         
C51 COMPILER V9.60.0.0   7SEG_ALL                                                          11/29/2021 20:11:01 PAGE 2   

  55   1         for(seg_x=1;seg_x<=seg_time;seg_x++){
  56   2            P2= 0x0F; //啟用所有的7段顯示器(X4)
  57   2            /*重復運行*/
  58   2            while(1){
  59   3            /*從P1輸出全部的7段顯示器顯示碼*/
  60   3            for(i=0;i<16;i++){
  61   4             P1=seg7_nums[i]; 
  62   4             delay(20000); //delay 2sec
  63   4            }
  64   3          }
  65   2      
  66   2         }
  67   1         
  68   1      }
  69          
  70          void seg7_num(int num_time){
  71   1         int num_x;
  72   1         
  73   1         /*學號*/
  74   1         char num8_02[]={ 5,0,6,3,1,1,0,2 };
  75   1         char num8_16[]={ 5,0,6,3,1,1,1,6 };
  76   1      
  77   1         char i_02,j_02;
  78   1         char i_16,j_16;
  79   1      
  80   1         for(num_x=1;num_x<=num_time;num_x++){
  81   2            P2=0x0F; //啟用所有的7段顯示器(X4)
  82   2            /*重復運行*/
  83   2            while(1){
  84   3              /*從P1輸出7seg顯示碼*/
  85   3              for(i_02=0;i_02<8;i_02++){
  86   4                 for(j_02=0;j_02<8;j_02++){
  87   5                    int x=num8_02[j_02];
  88   5                    P1=seg7_nums[x];
  89   5                    delay(2000);
  90   5            }
  91   4            }
  92   3          
  93   3            for(i_16=0;i_16<8;i_16++){
  94   4               for(j_16=0;j_16<8;j_16++){
  95   5                int y=num8_16[j_16];
  96   5                      P1=seg7_nums[y];
  97   5                      delay(2000);        
  98   5               }
  99   4             }
 100   3             }
 101   2         }
 102   1      }
 103          
 104          void seg7_run(int run_time){
 105   1         int run_x;
 106   1         for(run_x=1;run_x<=run_time;run_x++){
 107   2             while(1){
 108   3             seg7_switch(1,1); //1(a,com1)
 109   3             seg7_switch(1,2); //2(a,com2)
 110   3             seg7_switch(1,3); //3(a,com3)
 111   3             seg7_switch(1,4); //4(a,com4)
 112   3             seg7_switch(2,4); //5(b,com4)
 113   3             seg7_switch(3,4); //6(c,com4)
 114   3             seg7_switch(4,4); //7(dot,com4)
 115   3             seg7_switch(8,4); //8(d,com4)
 116   3             seg7_switch(4,3); //9(dot,com3)
C51 COMPILER V9.60.0.0   7SEG_ALL                                                          11/29/2021 20:11:01 PAGE 3   

 117   3             seg7_switch(8,3); //10(d,com3)
 118   3             seg7_switch(4,2); //11(dot,com2)
 119   3             seg7_switch(8,2); //12(d,com2)
 120   3             seg7_switch(4,1); //13(dot,com1)
 121   3             seg7_switch(8,1); //14(d,com1)
 122   3             seg7_switch(5,1); //15(e,com1)
 123   3             seg7_switch(6,1); //16(f,com1)
 124   3             }    
 125   2         }
 126   1         
 127   1      }
 128          
 129          void seg7_switch(int LED,int COM){
 130   1          P1=seg7_LED[LED];
 131   1          P2=seg7_COM[COM];
 132   1          delay(1000);
 133   1      }
 134          
 135          void delay(int s){
 136   1          for(m=0;m<s;m++);
 137   1      }
*** WARNING C294 IN LINE 66 OF 7seg_ALL.c: unreachable code
*** WARNING C294 IN LINE 101 OF 7seg_ALL.c: unreachable code
*** WARNING C294 IN LINE 125 OF 7seg_ALL.c: unreachable code


MODULE INFORMATION:   STATIC OVERLAYABLE
   CODE SIZE        =    507    ----
   CONSTANT SIZE    =     16    ----
   XDATA SIZE       =   ----    ----
   PDATA SIZE       =   ----    ----
   DATA SIZE        =     33      25
   IDATA SIZE       =   ----    ----
   BIT SIZE         =   ----    ----
END OF MODULE INFORMATION.


C51 COMPILATION COMPLETE.  3 WARNING(S),  0 ERROR(S)
