C51 COMPILER V9.60.0.0   LED_02                                                            12/07/2021 12:12:45 PAGE 1   


C51 COMPILER V9.60.0.0, COMPILATION OF MODULE LED_02
OBJECT MODULE PLACED IN LED_02.OBJ
COMPILER INVOKED BY: C:\Keil_v5\C51\BIN\C51.EXE LED_02.c OPTIMIZE(8,SPEED) BROWSE DEBUG OBJECTEXTEND TABS(2)

line level    source

   1          /*
   2          * File: LED_02.c
   3          * 功能: 左至右移的接龍灯
   4          */
   5          
   6          #include "io51.h"
   7          int m;
   8          void delay(int x);
   9          int a,b,c,d,e,f,g,h;
  10          
  11          /*接龍灯亮法*/
  12          
  13          char code led_ping1[]={
  14            0x7F,0xBF,0xDF,0xEF,0xF7,0xFB,0xFD,0xFE
  15          };
  16          char code led_ping2[]={
  17            0x7E,0xBE,0xDE,0xEE,0xF6,0xFA,0XFC 
  18          };
  19          char code led_ping3[]={
  20            0x7C,0xBC,0xDC,0xEC,0xF4,0xF8 
  21          };
  22          char code led_ping4[]={
  23            0x78,0xB8,0xD8,0xE8,0xF0 
  24          };
  25          char code led_ping5[]={
  26            0x70,0xB0,0xD0,0xE0 
  27          };
  28          char code led_ping6[]={
  29            0x60,0xA0,0xC0 
  30          };
  31          char code led_ping7[]={
  32            0x40,0x80 
  33          };
  34          
  35          char led_r8=0x00;
  36          
  37          void main(){
  38   1        
  39   1        while(1){
  40   2          /*第1回*/
  41   2          for(a = 0;a < 8;a++){
  42   3            P1 = led_ping1[a];
  43   3            delay(10000);
  44   3          }
  45   2          for(b = 0;b < 7;b++){
  46   3            P1 = led_ping2[b];
  47   3            delay(10000);
  48   3          }
  49   2          for(c = 0;c < 6;c++){
  50   3            P1 = led_ping3[c];
  51   3            delay(10000);
  52   3          }
  53   2          for(d = 0;d < 5;d++){
  54   3            P1 = led_ping4[d];
  55   3            delay(10000);
C51 COMPILER V9.60.0.0   LED_02                                                            12/07/2021 12:12:45 PAGE 2   

  56   3          }
  57   2          for(e = 0;e < 4;e++){
  58   3            P1 = led_ping5[e];
  59   3            delay(10000);
  60   3          }
  61   2          for(f = 0;f < 3;f++){
  62   3            P1 = led_ping6[f];
  63   3            delay(10000);
  64   3          }
  65   2          for(g = 0;g < 2;g++){
  66   3            P1 = led_ping7[g];
  67   3            delay(10000);
  68   3          }
  69   2          P1 = led_r8;
  70   2          delay(10000);
  71   2          P1 = 0xFF;
  72   2          delay(1000);
  73   2        }
  74   1      }
  75          
  76          /*delay time*/
  77          void delay(int x){
  78   1        for(m;m<=x;m++);
  79   1      }


MODULE INFORMATION:   STATIC OVERLAYABLE
   CODE SIZE        =    314    ----
   CONSTANT SIZE    =     35    ----
   XDATA SIZE       =   ----    ----
   PDATA SIZE       =   ----    ----
   DATA SIZE        =     19    ----
   IDATA SIZE       =   ----    ----
   BIT SIZE         =   ----    ----
END OF MODULE INFORMATION.


C51 COMPILATION COMPLETE.  0 WARNING(S),  0 ERROR(S)
