C51 COMPILER V9.60.0.0   BEEP02                                                            02/19/2022 17:18:22 PAGE 1   


C51 COMPILER V9.60.0.0, COMPILATION OF MODULE BEEP02
OBJECT MODULE PLACED IN .\Objects\beep02.obj
COMPILER INVOKED BY: C:\Keil_v5\C51\BIN\C51.EXE beep02.c OMF2 OPTIMIZE(8,SPEED) BROWSE DEBUG PRINT(.\Listings\beep02.lst
                    -) TABS(2) OBJECT(.\Objects\beep02.obj)

line level    source

   1          #include "io51.h"
   2          #include "s51pgm.h"
   3          
   4          unsigned char Tone[3][12]={
   5            {229,217,204,193,182,172,162,153,145,136,129,121}, // 低音
   6            {115,108,102, 97, 91, 86, 81, 77, 72, 68, 64 ,61}, // 中音
   7            { 57, 54, 51, 48, 45, 43, 41, 38, 36, 34, 32 ,30}  // 高音
   8          };
   9          
  10          //delay 8.15us
  11          void delay_8us15(unsigned char count){
  12   1        unsigned char j;
  13   1        for(j=0;j<count;j++);
  14   1      }
  15          
  16          void main(){
  17   1        int i,j,k;
  18   1        for(i=0;i<3;i++){
  19   2          for(j=0;j<12;j++){
  20   3            for(k=0;k<60+i*120+j*10;k++){
  21   4              B1=0;
  22   4              delay_8us15(Tone[i][j]);
  23   4              B1=1;
  24   4              delay_8us15(Tone[i][j]);
  25   4            }
  26   3            B1=0;
  27   3            delay_8us15(255);
  28   3          }
  29   2        }
  30   1      }


MODULE INFORMATION:   STATIC OVERLAYABLE
   CODE SIZE        =    146    ----
   CONSTANT SIZE    =   ----    ----
   XDATA SIZE       =   ----    ----
   PDATA SIZE       =   ----    ----
   DATA SIZE        =     36       4
   IDATA SIZE       =   ----    ----
   BIT SIZE         =   ----    ----
   EDATA SIZE       =   ----    ----
   HDATA SIZE       =   ----    ----
   XDATA CONST SIZE =   ----    ----
   FAR CONST SIZE   =   ----    ----
END OF MODULE INFORMATION.


C51 COMPILATION COMPLETE.  0 WARNING(S),  0 ERROR(S)
