C51 COMPILER V9.60.0.0   DOT8X8_A                                                          12/24/2021 14:38:41 PAGE 1   


C51 COMPILER V9.60.0.0, COMPILATION OF MODULE DOT8X8_A
OBJECT MODULE PLACED IN .\Objects\dot8x8_A.obj
COMPILER INVOKED BY: C:\Keil_v5\C51\BIN\C51.EXE dot8x8_A.c OPTIMIZE(8,SPEED) BROWSE DEBUG OBJECTEXTEND PRINT(.\Listings\
                    -dot8x8_A.lst) TABS(2) OBJECT(.\Objects\dot8x8_A.obj)

line level    source

   1          /*
   2          *   File: dot8x8_A.char
   3          *   功能: 令字型 A 週而復始的以順時針方向旋轉，每次旋轉 90 度
   4          */
   5          
   6          #include "io51.h"
   7          char code dot8x8_A[32]={
   8              0xFF,0x03,0xED,0xEE,0xEE,0xED,0x03,0xFF, //第1回
   9              0xBD,0xBD,0xBD,0x81,0xBD,0xBD,0xDB,0xE7, //第2回
  10              0xFF,0xC0,0XB8,0x77,0x77,0xB7,0xC0,0xFF, //第3回
  11              0xE7,0xDB,0xBD,0xBD,0x81,0xBD,0xBD,0xBD  //第4回
  12          };
  13          
  14          char buf[8];
  15          void delay(int x);
  16          void shift_left();
  17          
  18          void main(){
  19   1          int i,j,k;
  20   1      
  21   1          /*清除存放左移資料的buf[8]*/
  22   1          for(i=0;i<8;i++) buf[i]=0xFF;
  23   1          
  24   1          while(1){
  25   2             for(i=0;i<8*4;i++){
  26   3              /*把左移資料分別存在buf[]中*/
  27   3              for(j=0;j<7;j++)
  28   3                  buf[j]= buf[j+1];
  29   3                  buf[j]= dot8x8_A[i];
  30   3              
  31   3              /*重復掃描各字型50回(增加亮度)*/
  32   3              for(k=0;k<50;k++){
  33   4                  shift_left(); //字型左移
  34   4              }
  35   3          }
  36   2         }
  37   1      }
  38          
  39          /*call 左移的副程式*/
  40          void shift_left(){
  41   1          int i;
  42   1          int enable_signal=0x01;//致能=0x01
  43   1      
  44   1          /*各字型由8筆資料組成=掃8回*/
  45   1          for(i=0;i<8;i++){
  46   2          /*點亮8x8點陣某一字型第Cx(0<=x<=7)*/
  47   2              P1=buf[i]; 
  48   2              P2=enable_signal; 
  49   2              delay(50); //delay 50ms=0.05sec
  50   2              enable_signal<<=1; //左移1個位元
  51   2          }
  52   1      }
  53          
  54          void delay(int x){
C51 COMPILER V9.60.0.0   DOT8X8_A                                                          12/24/2021 14:38:41 PAGE 2   

  55   1          int m;
  56   1          for(m=0;m<x;m++);
  57   1      }


MODULE INFORMATION:   STATIC OVERLAYABLE
   CODE SIZE        =    210    ----
   CONSTANT SIZE    =     32    ----
   XDATA SIZE       =   ----    ----
   PDATA SIZE       =   ----    ----
   DATA SIZE        =      8       8
   IDATA SIZE       =   ----    ----
   BIT SIZE         =   ----    ----
END OF MODULE INFORMATION.


C51 COMPILATION COMPLETE.  0 WARNING(S),  0 ERROR(S)
