C51 COMPILER V9.60.0.0   7SEG_TIMER                                                        01/10/2022 14:55:43 PAGE 1   


C51 COMPILER V9.60.0.0, COMPILATION OF MODULE 7SEG_TIMER
OBJECT MODULE PLACED IN .\Objects\7seg_timer.obj
COMPILER INVOKED BY: C:\Keil_v5\C51\BIN\C51.EXE 7seg_timer.c OPTIMIZE(8,SPEED) BROWSE DEBUG OBJECTEXTEND PRINT(.\Listing
                    -s\7seg_timer.lst) TABS(2) OBJECT(.\Objects\7seg_timer.obj)

line level    source

   1          /*
   2          *   File:7seg_timer.c
   3          *   功能: 用7段顯示器做一個計時器(mm:ss)
   4          */
   5          
   6          #include "io51.h"
   7          
   8          /*7段顯示器顯示碼*/
   9          char seg7_number[]={
  10             0x3F,0x06,0x5B,0x4F,0x66,0x6D,0x7D, //0~6
  11             0x07,0x7F,0x6F //7~9
  12          };
  13          
  14          int SEC_ONE=0;
  15          int SEC_TEN=0;
  16          int MIN_ONE=0;
  17          int MIN_TEN=0;
  18          int INT_NUM=0;
  19          void delay(int x);
  20          void one_mm();
  21          void one_ss();
  22          void ten_mm();
  23          void ten_ss();
  24          void display();
  25          
  26          void main(){
  27   1         while(1){
  28   2           /*Timer0 設定: 5000us中斷一回*/
  29   2           TMOD= 0x01; //Timer0:16bit Timer(0000 0001)
  30   2             TH0=(65536-5000)/256;
  31   2             TL0=(65536-5000)%256;
  32   2             IE=0x82; //啟用溢位中斷
  33   2             TR0=1; //啟動Timer0
  34   2           
  35   2           /*進位處理:
  36   2             (1) 個位=>十位:10進位
  37   2             (2) 秒=>分:60進位
  38   2           */
  39   2             again:
  40   2                if(SEC_ONE != 10){
  41   3                    display();
  42   3                }else{
  43   3                    SEC_ONE=0;
  44   3                    SEC_TEN++;
  45   3                    if(SEC_TEN !=6){
  46   4                      display();
  47   4                   }else{
  48   4                      SEC_TEN=0;
  49   4                      MIN_ONE++;
  50   4                      if(MIN_ONE !=10){
  51   5                          display();
  52   5                      }else{
  53   5                          MIN_ONE=0;
  54   5                          MIN_TEN++;
C51 COMPILER V9.60.0.0   7SEG_TIMER                                                        01/10/2022 14:55:43 PAGE 2   

  55   5                          if(MIN_TEN !=10){
  56   6                              display();
  57   6                          }
  58   5                      }
  59   4                   }
  60   3                  goto again;
  61   3                }   
  62   2         }
  63   1      }
  64          
  65          /*輸出控制*/
  66          void display(){
  67   1          one_ss();
  68   1          delay(500);
  69   1          ten_ss();
  70   1          delay(500);
  71   1          one_mm();
  72   1          delay(500);
  73   1          ten_mm();
  74   1          delay(500);
  75   1      }
  76          
  77          /*設定Timer0 INT中斷*/
  78          void Timer0(void) interrupt 0x0B{
  79   1          TH0=(65536-5000)/256;
  80   1          TL0=(65536-5000)%256;
  81   1          INT_NUM++;
  82   1        
  83   1          /*是否中斷200回*/
  84   1          if(INT_NUM == 200){
  85   2              SEC_ONE++;
  86   2              INT_NUM=0;
  87   2          }
  88   1      }
  89          
  90          /*位數輸出*/
  91          void one_ss(){
  92   1          P1= seg7_number[SEC_ONE];
  93   1          P2= 0x08;
  94   1      }
  95          void ten_ss(){
  96   1          P1= seg7_number[SEC_TEN];
  97   1          P2= 0x04;
  98   1      }
  99          void one_mm(){
 100   1          P1= seg7_number[MIN_ONE];
 101   1          P2= 0x02;
 102   1      }
 103          void ten_mm(){
 104   1          P1= seg7_number[MIN_TEN];
 105   1          P2= 0x01;
 106   1      }
 107          
 108          
 109          
 110          /*delay time*/
 111          void delay(int x){
 112   1          int m;
 113   1          for(m=0;m<x;m++);
 114   1      }


C51 COMPILER V9.60.0.0   7SEG_TIMER                                                        01/10/2022 14:55:43 PAGE 3   

MODULE INFORMATION:   STATIC OVERLAYABLE
   CODE SIZE        =    239    ----
   CONSTANT SIZE    =   ----    ----
   XDATA SIZE       =   ----    ----
   PDATA SIZE       =   ----    ----
   DATA SIZE        =     20    ----
   IDATA SIZE       =   ----    ----
   BIT SIZE         =   ----    ----
END OF MODULE INFORMATION.


C51 COMPILATION COMPLETE.  0 WARNING(S),  0 ERROR(S)
