C51 COMPILER V8.05a   7SEG_1234                                                            11/21/2021 14:22:17 PAGE 1   


C51 COMPILER V8.05a, COMPILATION OF MODULE 7SEG_1234
OBJECT MODULE PLACED IN 7seg_1234.OBJ
COMPILER INVOKED BY: C:\Keil\C51\BIN\C51.EXE 7seg_1234.c BROWSE DEBUG OBJECTEXTEND

line level    source

   1          /*
   2          * File: 7seg_1234.c
   3          * 功能: 7段顯示器輸出1234
   4          */
   5          
   6          #include "io51.h"
   7          void delay(int x);
   8          char seg_num[]={
   9                  0x3F,0x06,0x5B,0x4F,0x66 //0,1,2,3,4
  10          };
  11          char num[]={
  12                  0,1,2,3,4
  13          };
  14          
  15          /*
  16             ex: 1,2,3,4
  17             1(0x06) => seg_num[1]
  18             2(0x5B) => seg_num[2]
  19             3(0x4F) => seg_num[3]
  20             4(0x66) => seg_num[4]
  21          */
  22          
  23          
  24          void main(){
  25   1              char i,j;
  26   1              P2=0x0F; //7seg = all enable
  27   1          while(1){
  28   2                 for(i=1;i<=4;i++){
  29   3                         for(j=1;j<=4;j++){
  30   4                                 int x=num[j];
  31   4                                 P1=seg_num[x];
  32   4                         }
  33   3                 } 
  34   2              }
  35   1      }
  36          
  37          void delay(int x){
  38   1         int m;
  39   1         for(m=0;m<x;m++);
  40   1      }


MODULE INFORMATION:   STATIC OVERLAYABLE
   CODE SIZE        =     61    ----
   CONSTANT SIZE    =   ----    ----
   XDATA SIZE       =   ----    ----
   PDATA SIZE       =   ----    ----
   DATA SIZE        =     10       2
   IDATA SIZE       =   ----    ----
   BIT SIZE         =   ----    ----
END OF MODULE INFORMATION.


C51 COMPILATION COMPLETE.  0 WARNING(S),  0 ERROR(S)
